make --dry-run --always-make --keep-going --print-directory
make: Entering directory `/Users/ylabtaim/Desktop/cub3D-42-cursus'
cc -Wall -Wextra -Werror -c cub3d.c -o cub3d.o
echo "Just a few more seconds"
cc -Wall -Wextra -Werror -c check_elements.c -o check_elements.o
echo "Just a few more seconds"
cc -Wall -Wextra -Werror -c check_walls.c -o check_walls.o
echo "Just a few more seconds"
cc -Wall -Wextra -Werror -c parsing.c -o parsing.o
echo "Just a few more seconds"
cc -Wall -Wextra -Werror -c fill_something.c -o fill_something.o
echo "Just a few more seconds"
cc -Wall -Wextra -Werror -c gnl/get_next_line.c -o gnl/get_next_line.o
echo "Just a few more seconds"
cc -Wall -Wextra -Werror -c gnl/get_next_line_utils.c -o gnl/get_next_line_utils.o
echo "Just a few more seconds"
make bonus -C libft/
gcc -fsanitize=address -Wall -Wextra -Werror cub3d.o check_elements.o check_walls.o parsing.o fill_something.o gnl/get_next_line.o gnl/get_next_line_utils.o libft/libft.a -o cube3D
echo "\033[0;32mIt's time to play a game\033[0;37m"
make: Leaving directory `/Users/ylabtaim/Desktop/cub3D-42-cursus'
 
